app/build/outputs/logs/manifest-merger-debug-report.txt
-- Merging decision tree log ---
manifest
ADDED from src\main\AndroidManifest.xml:17:1-164:12
	package
		ADDED from src\main\AndroidManifest.xml:18:5-44
		INJECTED from src\main\AndroidManifest.xml
		INJECTED from src\main\AndroidManifest.xml
	android:versionName
		ADDED from src\main\AndroidManifest.xml:20:5-30
		INJECTED from src\main\AndroidManifest.xml
		INJECTED from src\main\AndroidManifest.xml
	android:versionCode
		ADDED from src\main\AndroidManifest.xml:19:5-28
		INJECTED from src\main\AndroidManifest.xml
		INJECTED from src\main\AndroidManifest.xml
	xmlns:android
		ADDED from src\main\AndroidManifest.xml:17:11-69
uses-sdk
ADDED from src\main\AndroidManifest.xml:22:5-24:41
MERGED from [com.google.android.gms:play-services-gcm:8.4.0] AndroidManifest.xml:18:5-42
MERGED from [com.google.android.gms:play-services-base:8.4.0] AndroidManifest.xml:18:5-42
MERGED from [com.google.android.gms:play-services-basement:8.4.0] AndroidManifest.xml:18:5-42
MERGED from [com.android.support:support-v4:24.0.0-alpha2] AndroidManifest.xml:20:5-43
MERGED from [com.google.android.gms:play-services-measurement:8.4.0] AndroidManifest.xml:18:5-42
MERGED from [com.google.android.gms:play-services-basement:8.4.0] AndroidManifest.xml:18:5-42
MERGED from [com.android.support:support-v4:24.0.0-alpha2] AndroidManifest.xml:20:5-43
MERGED from [com.android.support:support-v4:24.0.0-alpha2] AndroidManifest.xml:20:5-43
MERGED from [com.github.satyan:sugar:1.4] AndroidManifest.xml:7:5-9:41
MERGED from [com.android.support:support-v4:24.0.0-alpha2] AndroidManifest.xml:20:5-43
MERGED from [com.android.support:appcompat-v7:24.0.0-alpha2] AndroidManifest.xml:21:5-23:78
MERGED from [com.android.support:support-vector-drawable:24.0.0-alpha2] AndroidManifest.xml:21:5-43
MERGED from [com.android.support:support-v4:24.0.0-alpha2] AndroidManifest.xml:20:5-43
MERGED from [com.android.support:animated-vector-drawable:24.0.0-alpha2] AndroidManifest.xml:20:5-44
MERGED from [com.android.support:support-vector-drawable:24.0.0-alpha2] AndroidManifest.xml:21:5-43
MERGED from [com.android.support:support-v4:24.0.0-alpha2] AndroidManifest.xml:20:5-43
MERGED from [com.android.support:support-v4:24.0.0-alpha2] AndroidManifest.xml:20:5-43
MERGED from [com.android.support:design:24.0.0-alpha2] AndroidManifest.xml:20:5-43
MERGED from [com.android.support:recyclerview-v7:24.0.0-alpha2] AndroidManifest.xml:20:5-43
MERGED from [com.android.support:support-v4:24.0.0-alpha2] AndroidManifest.xml:20:5-43
MERGED from [com.android.support:appcompat-v7:24.0.0-alpha2] AndroidManifest.xml:21:5-23:78
MERGED from [com.android.support:support-vector-drawable:24.0.0-alpha2] AndroidManifest.xml:21:5-43
MERGED from [com.android.support:support-v4:24.0.0-alpha2] AndroidManifest.xml:20:5-43
MERGED from [com.android.support:animated-vector-drawable:24.0.0-alpha2] AndroidManifest.xml:20:5-44
MERGED from [com.android.support:support-vector-drawable:24.0.0-alpha2] AndroidManifest.xml:21:5-43
MERGED from [com.android.support:support-v4:24.0.0-alpha2] AndroidManifest.xml:20:5-43
MERGED from [com.android.support:support-v4:24.0.0-alpha2] AndroidManifest.xml:20:5-43
MERGED from [com.android.support:support-v4:24.0.0-alpha2] AndroidManifest.xml:20:5-43
	tools:overrideLibrary
		ADDED from [com.android.support:appcompat-v7:24.0.0-alpha2] AndroidManifest.xml:23:9-75
	android:targetSdkVersion
		ADDED from src\main\AndroidManifest.xml:24:9-38
		INJECTED from src\main\AndroidManifest.xml
		INJECTED from src\main\AndroidManifest.xml
	android:minSdkVersion
		ADDED from src\main\AndroidManifest.xml:23:9-35
		INJECTED from src\main\AndroidManifest.xml
		INJECTED from src\main\AndroidManifest.xml
uses-permission#android.permission.INTERNET
ADDED from src\main\AndroidManifest.xml:26:5-67
MERGED from [com.google.android.gms:play-services-gcm:8.4.0] AndroidManifest.xml:22:5-67
MERGED from [com.google.android.gms:play-services-measurement:8.4.0] AndroidManifest.xml:21:5-67
	android:name
		ADDED from src\main\AndroidManifest.xml:26:22-64
uses-permission#com.google.android.c2dm.permission.RECEIVE
ADDED from src\main\AndroidManifest.xml:27:5-82
MERGED from [com.google.android.gms:play-services-gcm:8.4.0] AndroidManifest.xml:21:5-82
	android:name
		ADDED from src\main\AndroidManifest.xml:27:22-79
uses-permission#android.permission.WAKE_LOCK
ADDED from src\main\AndroidManifest.xml:28:5-68
MERGED from [com.google.android.gms:play-services-measurement:8.4.0] AndroidManifest.xml:24:5-67
	android:name
		ADDED from src\main\AndroidManifest.xml:28:22-65
uses-permission#com.tiendosqui.permission.servi
ADDED from src\main\AndroidManifest.xml:31:5-70
	android:name
		ADDED from src\main\AndroidManifest.xml:31:22-68
uses-permission#android.permission.permRead
ADDED from src\main\AndroidManifest.xml:32:5-66
	android:name
		ADDED from src\main\AndroidManifest.xml:32:22-64
uses-permission#android.permission.permWrite
ADDED from src\main\AndroidManifest.xml:33:5-67
	android:name
		ADDED from src\main\AndroidManifest.xml:33:22-65
uses-permission#android.permission.WRITE_EXTERNAL_STORAGE
ADDED from src\main\AndroidManifest.xml:35:5-81
	android:name
		ADDED from src\main\AndroidManifest.xml:35:22-78
uses-permission#android.permission.READ_PHONE_STATE
ADDED from src\main\AndroidManifest.xml:36:5-75
	android:name
		ADDED from src\main\AndroidManifest.xml:36:22-72
uses-permission#android.permission.READ_EXTERNAL_STORAGE
ADDED from src\main\AndroidManifest.xml:37:5-80
	android:name
		ADDED from src\main\AndroidManifest.xml:37:22-77
uses-permission#android.permission.GET_ACCOUNTS
ADDED from src\main\AndroidManifest.xml:40:5-71
	android:name
		ADDED from src\main\AndroidManifest.xml:40:22-68
uses-permission#android.permission.READ_PROFILE
ADDED from src\main\AndroidManifest.xml:41:5-71
	android:name
		ADDED from src\main\AndroidManifest.xml:41:22-68
uses-permission#android.permission.READ_CONTACTS
ADDED from src\main\AndroidManifest.xml:42:5-72
	android:name
		ADDED from src\main\AndroidManifest.xml:42:22-69
application
ADDED from src\main\AndroidManifest.xml:44:5-162:19
MERGED from [com.google.android.gms:play-services-gcm:8.4.0] AndroidManifest.xml:24:5-20
MERGED from [com.google.android.gms:play-services-basement:8.4.0] AndroidManifest.xml:20:5-24:19
MERGED from [com.android.support:support-v4:24.0.0-alpha2] AndroidManifest.xml:22:5-20
MERGED from [com.google.android.gms:play-services-measurement:8.4.0] AndroidManifest.xml:26:5-46:19
MERGED from [com.google.android.gms:play-services-basement:8.4.0] AndroidManifest.xml:20:5-24:19
MERGED from [com.android.support:support-v4:24.0.0-alpha2] AndroidManifest.xml:22:5-20
MERGED from [com.android.support:support-v4:24.0.0-alpha2] AndroidManifest.xml:22:5-20
MERGED from [com.android.support:support-v4:24.0.0-alpha2] AndroidManifest.xml:22:5-20
MERGED from [com.android.support:appcompat-v7:24.0.0-alpha2] AndroidManifest.xml:25:5-20
MERGED from [com.android.support:support-vector-drawable:24.0.0-alpha2] AndroidManifest.xml:23:5-20
MERGED from [com.android.support:support-v4:24.0.0-alpha2] AndroidManifest.xml:22:5-20
MERGED from [com.android.support:animated-vector-drawable:24.0.0-alpha2] AndroidManifest.xml:22:5-20
MERGED from [com.android.support:support-vector-drawable:24.0.0-alpha2] AndroidManifest.xml:23:5-20
MERGED from [com.android.support:support-v4:24.0.0-alpha2] AndroidManifest.xml:22:5-20
MERGED from [com.android.support:support-v4:24.0.0-alpha2] AndroidManifest.xml:22:5-20
MERGED from [com.android.support:design:24.0.0-alpha2] AndroidManifest.xml:22:5-20
MERGED from [com.android.support:support-v4:24.0.0-alpha2] AndroidManifest.xml:22:5-20
MERGED from [com.android.support:appcompat-v7:24.0.0-alpha2] AndroidManifest.xml:25:5-20
MERGED from [com.android.support:support-vector-drawable:24.0.0-alpha2] AndroidManifest.xml:23:5-20
MERGED from [com.android.support:support-v4:24.0.0-alpha2] AndroidManifest.xml:22:5-20
MERGED from [com.android.support:animated-vector-drawable:24.0.0-alpha2] AndroidManifest.xml:22:5-20
MERGED from [com.android.support:support-vector-drawable:24.0.0-alpha2] AndroidManifest.xml:23:5-20
MERGED from [com.android.support:support-v4:24.0.0-alpha2] AndroidManifest.xml:22:5-20
MERGED from [com.android.support:support-v4:24.0.0-alpha2] AndroidManifest.xml:22:5-20
MERGED from [com.android.support:support-v4:24.0.0-alpha2] AndroidManifest.xml:22:5-20
	android:label
		ADDED from src\main\AndroidManifest.xml:47:9-41
	android:icon
		ADDED from src\main\AndroidManifest.xml:46:9-43
	android:theme
		ADDED from src\main\AndroidManifest.xml:48:9-65
	android:name
		ADDED from src\main\AndroidManifest.xml:45:9-40
activity#com.example.android.fragments.MainActivity
ADDED from src\main\AndroidManifest.xml:49:9-57:20
	android:label
		ADDED from src\main\AndroidManifest.xml:51:13-45
	android:name
		ADDED from src\main\AndroidManifest.xml:50:13-41
intent-filter#android.intent.action.MAIN+android.intent.category.LAUNCHER
ADDED from src\main\AndroidManifest.xml:52:13-56:29
action#android.intent.action.MAIN
ADDED from src\main\AndroidManifest.xml:53:17-69
	android:name
		ADDED from src\main\AndroidManifest.xml:53:25-66
category#android.intent.category.LAUNCHER
ADDED from src\main\AndroidManifest.xml:55:17-77
	android:name
		ADDED from src\main\AndroidManifest.xml:55:27-74
meta-data#DATABASE
ADDED from src\main\AndroidManifest.xml:59:9-61:45
	android:value
		ADDED from src\main\AndroidManifest.xml:61:13-42
	android:name
		ADDED from src\main\AndroidManifest.xml:60:13-36
meta-data#VERSION
ADDED from src\main\AndroidManifest.xml:62:9-64:33
	android:value
		ADDED from src\main\AndroidManifest.xml:64:13-30
	android:name
		ADDED from src\main\AndroidManifest.xml:63:13-35
meta-data#QUERY_LOG
ADDED from src\main\AndroidManifest.xml:65:9-67:36
	android:value
		ADDED from src\main\AndroidManifest.xml:67:13-33
	android:name
		ADDED from src\main\AndroidManifest.xml:66:13-37
meta-data#DOMAIN_PACKAGE_NAME
ADDED from src\main\AndroidManifest.xml:68:9-70:61
	android:value
		ADDED from src\main\AndroidManifest.xml:70:13-58
	android:name
		ADDED from src\main\AndroidManifest.xml:69:13-47
receiver#com.google.android.gms.gcm.GcmReceiver
ADDED from src\main\AndroidManifest.xml:72:9-81:20
	android:exported
		ADDED from src\main\AndroidManifest.xml:74:13-36
	android:permission
		ADDED from src\main\AndroidManifest.xml:75:13-73
	android:name
		ADDED from src\main\AndroidManifest.xml:73:13-66
intent-filter#com.google.android.c2dm.intent.RECEIVE+gcm.play.android.samples.com.gcmquickstart
ADDED from src\main\AndroidManifest.xml:76:13-80:29
action#com.google.android.c2dm.intent.RECEIVE
ADDED from src\main\AndroidManifest.xml:77:17-81
	android:name
		ADDED from src\main\AndroidManifest.xml:77:25-78
category#gcm.play.android.samples.com.gcmquickstart
ADDED from src\main\AndroidManifest.xml:79:17-87
	android:name
		ADDED from src\main\AndroidManifest.xml:79:27-84
receiver#com.example.android.fragments.NetworkChangeReceiver
ADDED from src\main\AndroidManifest.xml:82:9-89:20
	android:label
		ADDED from src\main\AndroidManifest.xml:84:13-50
	android:name
		ADDED from src\main\AndroidManifest.xml:83:13-50
intent-filter#android.net.conn.CONNECTIVITY_CHANGE+android.net.wifi.WIFI_STATE_CHANGED
ADDED from src\main\AndroidManifest.xml:85:13-88:29
action#android.net.conn.CONNECTIVITY_CHANGE
ADDED from src\main\AndroidManifest.xml:86:17-79
	android:name
		ADDED from src\main\AndroidManifest.xml:86:25-76
action#android.net.wifi.WIFI_STATE_CHANGED
ADDED from src\main\AndroidManifest.xml:87:17-78
	android:name
		ADDED from src\main\AndroidManifest.xml:87:25-75
service#com.example.android.fragments.MyGcmListenerService
ADDED from src\main\AndroidManifest.xml:94:9-100:19
	android:exported
		ADDED from src\main\AndroidManifest.xml:96:13-37
	android:name
		ADDED from src\main\AndroidManifest.xml:95:13-49
intent-filter#com.google.android.c2dm.intent.RECEIVE
ADDED from src\main\AndroidManifest.xml:97:13-99:29
service#com.example.android.fragments.MyInstanceIDListenerService
ADDED from src\main\AndroidManifest.xml:103:9-109:19
	android:exported
		ADDED from src\main\AndroidManifest.xml:105:13-37
	android:name
		ADDED from src\main\AndroidManifest.xml:104:13-56
intent-filter#com.google.android.gms.iid.InstanceID
ADDED from src\main\AndroidManifest.xml:106:13-108:29
action#com.google.android.gms.iid.InstanceID
ADDED from src\main\AndroidManifest.xml:107:17-80
	android:name
		ADDED from src\main\AndroidManifest.xml:107:25-77
service#com.example.android.fragments.RegistrationIntentService
ADDED from src\main\AndroidManifest.xml:111:9-113:40
	android:exported
		ADDED from src\main\AndroidManifest.xml:113:13-37
	android:name
		ADDED from src\main\AndroidManifest.xml:112:13-54
activity#com.example.android.fragments.PreferenceActivity
ADDED from src\main\AndroidManifest.xml:115:9-121:20
	android:parentActivityName
		ADDED from src\main\AndroidManifest.xml:117:13-55
	android:name
		ADDED from src\main\AndroidManifest.xml:116:13-47
meta-data#android.support.PARENT_ACTIVITY
ADDED from src\main\AndroidManifest.xml:118:13-120:49
	android:value
		ADDED from src\main\AndroidManifest.xml:120:17-46
	android:name
		ADDED from src\main\AndroidManifest.xml:119:17-63
activity#com.example.android.fragments.LoginActivity
ADDED from src\main\AndroidManifest.xml:122:9-124:60
	android:label
		ADDED from src\main\AndroidManifest.xml:124:13-57
	android:name
		ADDED from src\main\AndroidManifest.xml:123:13-42
activity#com.example.android.fragments.RegisterActivity
ADDED from src\main\AndroidManifest.xml:125:9-126:48
	android:name
		ADDED from src\main\AndroidManifest.xml:126:13-45
activity#com.example.android.fragments.Logout
ADDED from src\main\AndroidManifest.xml:127:9-136:20
	android:label
		ADDED from src\main\AndroidManifest.xml:129:13-58
	android:theme
		ADDED from src\main\AndroidManifest.xml:130:13-69
	android:name
		ADDED from src\main\AndroidManifest.xml:128:13-35
intent-filter#android.intent.category.DEFAULT+com.example.android.fragments.Logout
ADDED from src\main\AndroidManifest.xml:131:13-135:29
action#com.example.android.fragments.Logout
ADDED from src\main\AndroidManifest.xml:132:17-79
	android:name
		ADDED from src\main\AndroidManifest.xml:132:25-76
category#android.intent.category.DEFAULT
ADDED from src\main\AndroidManifest.xml:134:17-76
	android:name
		ADDED from src\main\AndroidManifest.xml:134:27-73
service#com.example.android.fragments.BeatService
ADDED from src\main\AndroidManifest.xml:138:9-48
	android:name
		ADDED from src\main\AndroidManifest.xml:138:18-45
activity#com.example.android.fragments.InventoryActivity
ADDED from src\main\AndroidManifest.xml:140:9-154:20
	android:label
		ADDED from src\main\AndroidManifest.xml:142:13-61
	android:parentActivityName
		ADDED from src\main\AndroidManifest.xml:143:13-55
	android:name
		ADDED from src\main\AndroidManifest.xml:141:13-46
intent-filter#android.intent.category.DEFAULT+com.example.android.fragments.InventoryActivity
ADDED from src\main\AndroidManifest.xml:144:13-148:29
action#com.example.android.fragments.InventoryActivity
ADDED from src\main\AndroidManifest.xml:145:17-90
	android:name
		ADDED from src\main\AndroidManifest.xml:145:25-87
activity#com.example.android.fragments.ProductCategory
ADDED from src\main\AndroidManifest.xml:155:9-156:20
	android:name
		ADDED from src\main\AndroidManifest.xml:155:19-50
activity#com.example.android.fragments.ProductsActivity
ADDED from src\main\AndroidManifest.xml:157:9-161:20
	android:name
		ADDED from src\main\AndroidManifest.xml:157:19-51
meta-data#com.google.android.gms.version
ADDED from [com.google.android.gms:play-services-basement:8.4.0] AndroidManifest.xml:21:9-23:69
MERGED from [com.google.android.gms:play-services-basement:8.4.0] AndroidManifest.xml:21:9-23:69
	android:value
		ADDED from [com.google.android.gms:play-services-basement:8.4.0] AndroidManifest.xml:23:13-66
	android:name
		ADDED from [com.google.android.gms:play-services-basement:8.4.0] AndroidManifest.xml:22:13-58
uses-permission#android.permission.ACCESS_NETWORK_STATE
ADDED from [com.google.android.gms:play-services-measurement:8.4.0] AndroidManifest.xml:22:5-79
	android:name
		ADDED from [com.google.android.gms:play-services-measurement:8.4.0] AndroidManifest.xml:22:22-76
provider#com.google.android.gms.measurement.AppMeasurementContentProvider
ADDED from [com.google.android.gms:play-services-measurement:8.4.0] AndroidManifest.xml:28:7-31:37
	android:authorities
		ADDED from [com.google.android.gms:play-services-measurement:8.4.0] AndroidManifest.xml:29:11-76
	android:exported
		ADDED from [com.google.android.gms:play-services-measurement:8.4.0] AndroidManifest.xml:31:11-35
	android:name
		ADDED from [com.google.android.gms:play-services-measurement:8.4.0] AndroidManifest.xml:30:11-90
receiver#com.google.android.gms.measurement.AppMeasurementReceiver
ADDED from [com.google.android.gms:play-services-measurement:8.4.0] AndroidManifest.xml:33:7-39:18
	android:enabled
		ADDED from [com.google.android.gms:play-services-measurement:8.4.0] AndroidManifest.xml:35:11-33
	android:name
		ADDED from [com.google.android.gms:play-services-measurement:8.4.0] AndroidManifest.xml:34:11-83
intent-filter#com.google.android.gms.measurement.UPLOAD
ADDED from [com.google.android.gms:play-services-measurement:8.4.0] AndroidManifest.xml:36:9-38:25
action#com.google.android.gms.measurement.UPLOAD
ADDED from [com.google.android.gms:play-services-measurement:8.4.0] AndroidManifest.xml:37:11-77
	android:name
		ADDED from [com.google.android.gms:play-services-measurement:8.4.0] AndroidManifest.xml:37:19-75
service#com.google.android.gms.measurement.AppMeasurementService
ADDED from [com.google.android.gms:play-services-measurement:8.4.0] AndroidManifest.xml:41:7-44:37
	android:enabled
		ADDED from [com.google.android.gms:play-services-measurement:8.4.0] AndroidManifest.xml:43:11-33
	android:exported
		ADDED from [com.google.android.gms:play-services-measurement:8.4.0] AndroidManifest.xml:44:11-35
	android:name
		ADDED from [com.google.android.gms:play-services-measurement:8.4.0] AndroidManifest.xml:42:11-82